<?xml version="1.0" encoding="UTF-8"?>
<!-- Generated by org.testng.reporters.JUnitReportReporter -->
<testsuite hostname="LIN65004408" failures="0" tests="1" name="Basics.AddPlaceApi" time="3.387" errors="0" timestamp="2022-04-12T15:17:19 IST" skipped="0">
  <testcase classname="Basics.AddPlaceApi" name="mainTest" time="3.387"/>
  <system-out/>
</testsuite> <!-- Basics.AddPlaceApi -->
