<?xml version="1.0" encoding="UTF-8"?>
<!-- Generated by org.testng.reporters.JUnitReportReporter -->
<testsuite hostname="LIN65004408" failures="0" tests="1" name="Basics.SumValidation" time="0.895" errors="0" timestamp="2022-04-20T14:38:18 IST" skipped="0">
  <testcase classname="Basics.SumValidation" name="sumOfcourse" time="0.895"/>
  <system-out/>
</testsuite> <!-- Basics.SumValidation -->
