<?xml version="1.0" encoding="UTF-8"?>
<!-- Generated by org.testng.reporters.JUnitReportReporter -->
<testsuite hostname="LIN65004408" failures="0" tests="3" name="Basics.DynamicJson" time="4.835" errors="0" timestamp="2023-07-26T14:02:43 IST" skipped="0">
  <testcase classname="Basics.DynamicJson" name="addBookApi" time="3.298"/>
  <system-out/>
  <testcase classname="Basics.DynamicJson" name="addBookApi" time="0.728"/>
  <system-out/>
  <testcase classname="Basics.DynamicJson" name="addBookApi" time="0.809"/>
  <system-out/>
</testsuite> <!-- Basics.DynamicJson -->
