<?xml version="1.0" encoding="UTF-8"?>
<!-- Generated by org.testng.reporters.JUnitReportReporter -->
<testsuite hostname="LIN65004408" failures="0" tests="1" name="Basics.SumValidations" time="0.950" errors="0" timestamp="2023-07-20T16:45:50 IST" skipped="0">
  <testcase classname="Basics.SumValidations" name="sumOfCourse" time="0.950"/>
  <system-out/>
</testsuite> <!-- Basics.SumValidations -->
